app/build/intermediates/manifest_merge_blame_file/debug/manifest-merger-blame-debug-report.txt
1<?xml version="1.0" encoding="utf-8"?>
2<manifest xmlns:android="http://schemas.android.com/apk/res/android"
3    package="com.insecureshop"
4    android:versionCode="1"
5    android:versionName="1.0" >
6
7    <uses-sdk
8        android:minSdkVersion="16"
8-->src/main/AndroidManifest.xml
9        android:targetSdkVersion="32" />
9-->src/main/AndroidManifest.xml
10
11    <uses-permission android:name="android.permission.INTERNET" />
11-->src/main/AndroidManifest.xml:6:5-67
11-->src/main/AndroidManifest.xml:6:22-64
12    <uses-permission android:name="android.permission.READ_EXTERNAL_STORAGE" />
12-->src/main/AndroidManifest.xml:7:5-80
12-->src/main/AndroidManifest.xml:7:22-77
13    <uses-permission android:name="android.permission.WRITE_EXTERNAL_STORAGE" />
13-->src/main/AndroidManifest.xml:8:5-81
13-->src/main/AndroidManifest.xml:8:22-78
14    <uses-permission android:name="android.permission.READ_CONTACTS" />
14-->src/main/AndroidManifest.xml:9:5-72
14-->src/main/AndroidManifest.xml:9:22-69
15
16    <permission android:name="com.insecureshop.permission.READ" />
16-->src/main/AndroidManifest.xml:11:5-67
16-->src/main/AndroidManifest.xml:11:17-64
17
18    <application
18-->src/main/AndroidManifest.xml:13:5-102:19
19        android:name="com.insecureshop.InsecureShopApp"
19-->src/main/AndroidManifest.xml:14:9-40
20        android:allowBackup="true"
20-->src/main/AndroidManifest.xml:15:9-35
21        android:appComponentFactory="androidx.core.app.CoreComponentFactory"
21-->[androidx.core:core:1.8.0] AndroidManifest.xml:24:18-86
22        android:debuggable="true"
23        android:icon="@mipmap/ic_launcher"
23-->src/main/AndroidManifest.xml:16:9-43
24        android:label="@string/app_name"
24-->src/main/AndroidManifest.xml:17:9-41
25        android:roundIcon="@mipmap/ic_launcher_round"
25-->src/main/AndroidManifest.xml:18:9-54
26        android:supportsRtl="true"
26-->src/main/AndroidManifest.xml:19:9-35
27        android:theme="@style/AppTheme"
27-->src/main/AndroidManifest.xml:20:9-40
28        android:usesCleartextTraffic="true" >
28-->src/main/AndroidManifest.xml:21:9-44
29        <activity
29-->src/main/AndroidManifest.xml:23:9-47:20
30            android:name="com.insecureshop.ChooserActivity"
30-->src/main/AndroidManifest.xml:24:13-44
31            android:excludeFromRecents="true"
31-->src/main/AndroidManifest.xml:25:13-46
32            android:exported="true" >
32-->src/main/AndroidManifest.xml:26:13-36
33            <intent-filter>
33-->src/main/AndroidManifest.xml:27:13-31:29
34                <action android:name="android.intent.action.VIEW" />
34-->src/main/AndroidManifest.xml:28:17-69
34-->src/main/AndroidManifest.xml:28:25-66
35
36                <category android:name="android.intent.category.DEFAULT" />
36-->src/main/AndroidManifest.xml:30:17-76
36-->src/main/AndroidManifest.xml:30:27-73
37            </intent-filter>
38            <intent-filter>
38-->src/main/AndroidManifest.xml:32:13-42:29
39                <action android:name="android.intent.action.SEND" />
39-->src/main/AndroidManifest.xml:33:17-69
39-->src/main/AndroidManifest.xml:33:25-66
40
41                <category android:name="android.intent.category.DEFAULT" />
41-->src/main/AndroidManifest.xml:30:17-76
41-->src/main/AndroidManifest.xml:30:27-73
42
43                <data android:mimeType="application/*" />
43-->src/main/AndroidManifest.xml:37:17-58
43-->src/main/AndroidManifest.xml:37:23-55
44                <data android:mimeType="audio/*" />
44-->src/main/AndroidManifest.xml:37:17-58
44-->src/main/AndroidManifest.xml:37:23-55
45                <data android:mimeType="image/*" />
45-->src/main/AndroidManifest.xml:37:17-58
45-->src/main/AndroidManifest.xml:37:23-55
46                <data android:mimeType="text/*" />
46-->src/main/AndroidManifest.xml:37:17-58
46-->src/main/AndroidManifest.xml:37:23-55
47                <data android:mimeType="video/*" />
47-->src/main/AndroidManifest.xml:37:17-58
47-->src/main/AndroidManifest.xml:37:23-55
48            </intent-filter>
49
50            <meta-data
50-->src/main/AndroidManifest.xml:44:13-46:69
51                android:name="android.service.chooser.chooser_target_service"
51-->src/main/AndroidManifest.xml:45:17-78
52                android:value=".ConversationChooserTargetService" />
52-->src/main/AndroidManifest.xml:46:17-66
53        </activity>
54        <activity
54-->src/main/AndroidManifest.xml:48:9-50:39
55            android:name="com.insecureshop.AboutUsActivity"
55-->src/main/AndroidManifest.xml:49:13-44
56            android:exported="true" />
56-->src/main/AndroidManifest.xml:50:13-36
57        <activity android:name="com.insecureshop.CartListActivity" />
57-->src/main/AndroidManifest.xml:51:9-54
57-->src/main/AndroidManifest.xml:51:19-51
58        <activity
58-->src/main/AndroidManifest.xml:52:9-59:20
59            android:name="com.insecureshop.ProductListActivity"
59-->src/main/AndroidManifest.xml:52:19-54
60            android:exported="true" >
60-->src/main/AndroidManifest.xml:53:13-36
61            <intent-filter>
61-->src/main/AndroidManifest.xml:54:13-58:29
62                <action android:name="android.intent.action.MAIN" />
62-->src/main/AndroidManifest.xml:55:17-69
62-->src/main/AndroidManifest.xml:55:25-66
63
64                <category android:name="android.intent.category.LAUNCHER" />
64-->src/main/AndroidManifest.xml:57:17-77
64-->src/main/AndroidManifest.xml:57:27-74
65            </intent-filter>
66        </activity>
67        <activity android:name="com.insecureshop.LoginActivity" />
67-->src/main/AndroidManifest.xml:60:9-51
67-->src/main/AndroidManifest.xml:60:19-48
68        <activity
68-->src/main/AndroidManifest.xml:61:9-72:20
69            android:name="com.insecureshop.WebViewActivity"
69-->src/main/AndroidManifest.xml:61:19-50
70            android:exported="true" >
70-->src/main/AndroidManifest.xml:62:13-36
71            <intent-filter>
71-->src/main/AndroidManifest.xml:63:13-71:29
72                <action android:name="android.intent.action.VIEW" />
72-->src/main/AndroidManifest.xml:28:17-69
72-->src/main/AndroidManifest.xml:28:25-66
73
74                <category android:name="android.intent.category.DEFAULT" />
74-->src/main/AndroidManifest.xml:30:17-76
74-->src/main/AndroidManifest.xml:30:27-73
75                <category android:name="android.intent.category.BROWSABLE" />
75-->src/main/AndroidManifest.xml:66:17-78
75-->src/main/AndroidManifest.xml:66:27-75
76
77                <data
77-->src/main/AndroidManifest.xml:37:17-58
78                    android:host="com.insecureshop"
78-->src/main/AndroidManifest.xml:69:21-52
79                    android:scheme="insecureshop" />
79-->src/main/AndroidManifest.xml:70:21-50
80            </intent-filter>
81        </activity>
82        <activity
82-->src/main/AndroidManifest.xml:73:9-80:20
83            android:name="com.insecureshop.WebView2Activity"
83-->src/main/AndroidManifest.xml:73:19-51
84            android:exported="true" >
84-->src/main/AndroidManifest.xml:74:13-36
85            <intent-filter>
85-->src/main/AndroidManifest.xml:75:13-79:29
86                <action android:name="com.insecureshop.action.WEBVIEW" />
86-->src/main/AndroidManifest.xml:76:17-74
86-->src/main/AndroidManifest.xml:76:25-71
87
88                <category android:name="android.intent.category.DEFAULT" />
88-->src/main/AndroidManifest.xml:30:17-76
88-->src/main/AndroidManifest.xml:30:27-73
89                <category android:name="android.intent.category.BROWSABLE" />
89-->src/main/AndroidManifest.xml:66:17-78
89-->src/main/AndroidManifest.xml:66:27-75
90            </intent-filter>
91        </activity>
92        <activity
92-->src/main/AndroidManifest.xml:81:9-83:40
93            android:name="com.insecureshop.PrivateActivity"
93-->src/main/AndroidManifest.xml:82:13-44
94            android:exported="false" />
94-->src/main/AndroidManifest.xml:83:13-37
95        <activity android:name="com.insecureshop.SendingDataViaActionActivity" >
95-->src/main/AndroidManifest.xml:84:9-86:20
95-->src/main/AndroidManifest.xml:84:19-63
96        </activity>
97        <activity
97-->src/main/AndroidManifest.xml:87:9-75
98            android:name="com.insecureshop.ResultActivity"
98-->src/main/AndroidManifest.xml:87:19-49
99            android:exported="true" />
99-->src/main/AndroidManifest.xml:87:50-73
100
101        <provider
101-->src/main/AndroidManifest.xml:88:9-92:73
102            android:name="com.insecureshop.contentProvider.InsecureShopProvider"
102-->src/main/AndroidManifest.xml:89:13-65
103            android:authorities="com.insecureshop.provider"
103-->src/main/AndroidManifest.xml:90:13-60
104            android:exported="true"
104-->src/main/AndroidManifest.xml:91:13-36
105            android:readPermission="com.insecureshop.permission.READ" />
105-->src/main/AndroidManifest.xml:92:13-70
106        <provider
106-->src/main/AndroidManifest.xml:93:9-101:20
107            android:name="androidx.core.content.FileProvider"
107-->src/main/AndroidManifest.xml:94:13-62
108            android:authorities="com.insecureshop.file_provider"
108-->src/main/AndroidManifest.xml:95:13-65
109            android:exported="false"
109-->src/main/AndroidManifest.xml:96:13-37
110            android:grantUriPermissions="true" >
110-->src/main/AndroidManifest.xml:97:13-47
111            <meta-data
111-->src/main/AndroidManifest.xml:98:13-100:58
112                android:name="android.support.FILE_PROVIDER_PATHS"
112-->src/main/AndroidManifest.xml:99:17-67
113                android:resource="@xml/provider_paths" />
113-->src/main/AndroidManifest.xml:100:17-55
114        </provider>
115        <provider
115-->[androidx.emoji2:emoji2:1.0.0] AndroidManifest.xml:26:9-34:20
116            android:name="androidx.startup.InitializationProvider"
116-->[androidx.emoji2:emoji2:1.0.0] AndroidManifest.xml:27:13-67
117            android:authorities="com.insecureshop.androidx-startup"
117-->[androidx.emoji2:emoji2:1.0.0] AndroidManifest.xml:28:13-68
118            android:exported="false" >
118-->[androidx.emoji2:emoji2:1.0.0] AndroidManifest.xml:29:13-37
119            <meta-data
119-->[androidx.emoji2:emoji2:1.0.0] AndroidManifest.xml:31:13-33:52
120                android:name="androidx.emoji2.text.EmojiCompatInitializer"
120-->[androidx.emoji2:emoji2:1.0.0] AndroidManifest.xml:32:17-75
121                android:value="androidx.startup" />
121-->[androidx.emoji2:emoji2:1.0.0] AndroidManifest.xml:33:17-49
122            <meta-data
122-->[androidx.lifecycle:lifecycle-process:2.4.0] AndroidManifest.xml:31:13-33:52
123                android:name="androidx.lifecycle.ProcessLifecycleInitializer"
123-->[androidx.lifecycle:lifecycle-process:2.4.0] AndroidManifest.xml:32:17-78
124                android:value="androidx.startup" />
124-->[androidx.lifecycle:lifecycle-process:2.4.0] AndroidManifest.xml:33:17-49
125        </provider>
126    </application>
127
128</manifest>